2025-08-01 20:06:19,709 - INFO - Loading training data...
2025-08-01 20:06:19,716 - INFO -   Loaded processed_results/Train_Video1_processed.csv: 2835 samples
2025-08-01 20:06:19,721 - INFO -   Loaded processed_results/Train_Video2_processed.csv: 1947 samples
2025-08-01 20:06:19,723 - INFO - Combined training data shape: (4782, 26)
2025-08-01 20:06:19,723 - INFO - Loading test data...
2025-08-01 20:06:19,726 - INFO -   Loaded processed_results/Test_Video1_processed.csv: 709 samples
2025-08-01 20:06:19,728 - INFO -   Loaded processed_results/Test_Video2_processed.csv: 487 samples
2025-08-01 20:06:19,729 - INFO - Combined test data shape: (1196, 26)
2025-08-01 20:06:19,729 - INFO - Training dataset info:
2025-08-01 20:06:19,729 - INFO - Shape: (4782, 26)
2025-08-01 20:06:19,729 - INFO - Target variable distribution:
2025-08-01 20:06:19,730 - INFO - is_cheating
1    2835
0    1947
Name: count, dtype: int64
2025-08-01 20:06:19,730 - INFO - Cheating rate: 59.28%
2025-08-01 20:06:19,730 - INFO - Class imbalance ratio (cheating:non-cheating): 2835:1947
2025-08-01 20:06:19,730 - INFO - Test dataset info:
2025-08-01 20:06:19,730 - INFO - Shape: (1196, 26)
2025-08-01 20:06:19,730 - INFO - Target variable distribution:
2025-08-01 20:06:19,730 - INFO - is_cheating
1    709
0    487
Name: count, dtype: int64
2025-08-01 20:06:19,731 - INFO - Cheating rate: 59.28%
2025-08-01 20:06:19,732 - INFO - Missing values in training data:
2025-08-01 20:06:19,733 - INFO - Series([], dtype: int64)
2025-08-01 20:06:19,734 - INFO - Using provided external test data
2025-08-01 20:06:19,734 - INFO - Final training set size: 4782
2025-08-01 20:06:19,734 - INFO - Final test set size: 1196
2025-08-01 20:06:19,749 - INFO - Applying class imbalance handling: borderline_smote
2025-08-01 20:06:19,749 - INFO - Original distribution: [1947 2835]
2025-08-01 20:06:19,850 - INFO - Resampled distribution: [2835 2835]
2025-08-01 20:06:19,976 - INFO - LIGHTGBM EVALUATION
2025-08-01 20:06:19,999 - INFO - Training AUC: 0.9620
2025-08-01 20:06:19,999 - INFO - Test AUC: 0.8598
2025-08-01 20:06:19,999 - INFO - Training F1: 0.8992
2025-08-01 20:06:19,999 - INFO - Test F1: 0.8412
2025-08-01 20:06:19,999 - INFO - Optimal threshold: 0.568
2025-08-01 20:06:19,999 - INFO - Optimal F1 score: 0.8551
2025-08-01 20:06:21,963 - INFO - Comprehensive results plot saved to: plots/comprehensive_results_lightgbm_20250801_200620.png
