2025-08-01 20:02:30,072 - INFO - Loading training data...
2025-08-01 20:02:30,079 - INFO -   Loaded processed_results/Train_Video1_processed.csv: 2835 samples
2025-08-01 20:02:30,084 - INFO -   Loaded processed_results/Train_Video2_processed.csv: 1947 samples
2025-08-01 20:02:30,085 - INFO - Combined training data shape: (4782, 26)
2025-08-01 20:02:30,085 - INFO - Loading test data...
2025-08-01 20:02:30,088 - INFO -   Loaded processed_results/Test_Video1_processed.csv: 709 samples
2025-08-01 20:02:30,091 - INFO -   Loaded processed_results/Test_Video2_processed.csv: 487 samples
2025-08-01 20:02:30,091 - INFO - Combined test data shape: (1196, 26)
2025-08-01 20:02:30,091 - INFO - Training dataset info:
2025-08-01 20:02:30,091 - INFO - Shape: (4782, 26)
2025-08-01 20:02:30,091 - INFO - Target variable distribution:
2025-08-01 20:02:30,092 - INFO - is_cheating
1    2835
0    1947
Name: count, dtype: int64
2025-08-01 20:02:30,092 - INFO - Cheating rate: 59.28%
2025-08-01 20:02:30,092 - INFO - Class imbalance ratio (cheating:non-cheating): 2835:1947
2025-08-01 20:02:30,093 - INFO - Test dataset info:
2025-08-01 20:02:30,093 - INFO - Shape: (1196, 26)
2025-08-01 20:02:30,093 - INFO - Target variable distribution:
2025-08-01 20:02:30,093 - INFO - is_cheating
1    709
0    487
Name: count, dtype: int64
2025-08-01 20:02:30,093 - INFO - Cheating rate: 59.28%
2025-08-01 20:02:30,095 - INFO - Missing values in training data:
2025-08-01 20:02:30,096 - INFO - Series([], dtype: int64)
2025-08-01 20:02:30,096 - INFO - Using provided external test data
2025-08-01 20:02:30,096 - INFO - Final training set size: 4782
2025-08-01 20:02:30,096 - INFO - Final test set size: 1196
2025-08-01 20:02:30,114 - INFO - Applying class imbalance handling: borderline_smote
2025-08-01 20:02:30,114 - INFO - Original distribution: [1947 2835]
2025-08-01 20:02:30,210 - INFO - Resampled distribution: [2835 2835]
2025-08-01 20:02:30,342 - INFO - LIGHTGBM EVALUATION
2025-08-01 20:02:30,368 - INFO - Training AUC: 0.9620
2025-08-01 20:02:30,368 - INFO - Test AUC: 0.8598
2025-08-01 20:02:30,368 - INFO - Training F1: 0.8992
2025-08-01 20:02:30,368 - INFO - Test F1: 0.8412
2025-08-01 20:02:30,368 - INFO - Optimal threshold: 0.568
2025-08-01 20:02:30,368 - INFO - Optimal F1 score: 0.8551
2025-08-01 20:02:32,195 - INFO - Comprehensive results plot saved to: plots/comprehensive_results_lightgbm_20250801_200230.png
